2012-05-23 13:42:52,003 INFO  [DatacenterClient] DatacenterClient
2012-05-23 13:42:54,032 INFO  [DatacenterClient] DatacenterClient
2012-05-23 13:42:55,202 INFO  [DatacenterClient] DatacenterClient
2012-05-23 13:42:55,275 INFO  [DatacenterClient] Open Succeed
2012-05-23 13:42:55,925 INFO  [DatacenterClient] DatacenterClient
2012-05-23 13:42:56,445 INFO  [DatacenterClient] Send
2012-05-23 13:42:56,594 INFO  [DatacenterClient] DatacenterClient
2012-05-23 13:42:56,822 INFO  [DatacenterClient] Send Succeed
2012-05-23 13:42:56,822 INFO  [AuditLog] AuditLogID:073692b0-4632-4e34-8e4d-ebdb267d30b9 | MessageID:f92a18b8-e5fe-43e0-ba53-a349c69dcc06 | CorrelationID:null | MessageType:ObjectMessage | SourceNode:ZHENGWUBAN | DestinationNode:ZHENGWUBAN | CurrentNode:Provider | BizID:null | BizTime:2012-05-23 13:42:56.444 | SubjectName:委局当前使用版本 | SubjectCode:Version | AppID:ZHENGWUBAN-APP | Version:1 | Priority:1 | CreationTime:2012-05-23 13:42:55.785 | IsRedelivered:false | DeliveredTime: | LogTime:2012-05-23 13:42:56.446 | LogPhase:Send | LogStatus:0 | ErrorCode:null| ErrorMessage:null 
2012-05-23 13:42:57,106 INFO  [DatacenterClient] Close
2012-05-23 13:42:57,308 INFO  [DatacenterClient] DatacenterClient
2012-05-23 13:42:57,957 INFO  [DatacenterClient] DatacenterClient
2012-05-23 13:42:58,660 INFO  [DatacenterClient] DatacenterClient
2012-05-23 13:43:01,631 INFO  [DatacenterClient] Open Succeed
2012-05-23 13:43:01,914 INFO  [DatacenterClient] Send
2012-05-23 13:43:03,201 INFO  [DatacenterClient] Send Succeed
2012-05-23 13:43:03,202 INFO  [AuditLog] AuditLogID:bd28b88b-cef3-4f83-8668-0274af4d2513 | MessageID:0c15ee7d-d472-4a9d-87d2-76001ae27ded | CorrelationID:null | MessageType:ObjectMessage | SourceNode:ZHENGWUBAN | DestinationNode:ZHENGWUBAN | CurrentNode:Provider | BizID:null | BizTime:2012-05-23 13:43:01.913 | SubjectName:委局当前使用版本 | SubjectCode:Version | AppID:ZHENGWUBAN-APP | Version:1 | Priority:1 | CreationTime:2012-05-23 13:43:01.701 | IsRedelivered:false | DeliveredTime: | LogTime:2012-05-23 13:43:01.914 | LogPhase:Send | LogStatus:0 | ErrorCode:null| ErrorMessage:null 
2012-05-23 13:43:03,768 INFO  [DatacenterClient] Close
2012-05-23 13:43:08,305 INFO  [DatacenterClient] Open Succeed
2012-05-23 13:43:08,605 INFO  [DatacenterClient] Send
2012-05-23 13:43:09,685 INFO  [DatacenterClient] Send Succeed
2012-05-23 13:43:09,685 INFO  [AuditLog] AuditLogID:ecb6d76d-7a15-4685-a9e4-17968bac6e09 | MessageID:40af85db-210d-4d67-9c45-eaf352155581 | CorrelationID:null | MessageType:ObjectMessage | SourceNode:ZHENGWUBAN | DestinationNode:ZHENGWUBAN | CurrentNode:Provider | BizID:null | BizTime:2012-05-23 13:43:08.605 | SubjectName:委局当前使用版本 | SubjectCode:Version | AppID:ZHENGWUBAN-APP | Version:1 | Priority:1 | CreationTime:2012-05-23 13:43:08.378 | IsRedelivered:false | DeliveredTime: | LogTime:2012-05-23 13:43:08.606 | LogPhase:Send | LogStatus:0 | ErrorCode:null| ErrorMessage:null 
2012-05-23 13:43:10,120 INFO  [DatacenterClient] Close
2012-05-23 13:43:10,769 INFO  [DatacenterClient] Open Succeed
2012-05-23 13:43:11,036 INFO  [DatacenterClient] Send
2012-05-23 13:43:12,035 INFO  [DatacenterClient] Send Succeed
2012-05-23 13:43:12,035 INFO  [AuditLog] AuditLogID:3c4e4467-6a5c-44df-9d4f-3551331b7e41 | MessageID:e537d831-cbf3-4f6b-97ef-1e8428839b46 | CorrelationID:null | MessageType:ObjectMessage | SourceNode:ZHENGWUBAN | DestinationNode:ZHENGWUBAN | CurrentNode:Provider | BizID:null | BizTime:2012-05-23 13:43:11.035 | SubjectName:委局当前使用版本 | SubjectCode:Version | AppID:ZHENGWUBAN-APP | Version:1 | Priority:1 | CreationTime:2012-05-23 13:43:10.847 | IsRedelivered:false | DeliveredTime: | LogTime:2012-05-23 13:43:11.037 | LogPhase:Send | LogStatus:0 | ErrorCode:null| ErrorMessage:null 
2012-05-23 13:43:12,459 INFO  [DatacenterClient] Close
2012-05-23 13:43:13,019 INFO  [DatacenterClient] Open Succeed
2012-05-23 13:43:13,281 INFO  [DatacenterClient] Send
2012-05-23 13:43:13,825 INFO  [DatacenterClient] Send Succeed
2012-05-23 13:43:13,826 INFO  [AuditLog] AuditLogID:65df1236-56b8-4a49-8f84-f2d9140dc724 | MessageID:638e1288-c643-4757-a8ee-253dc634f367 | CorrelationID:null | MessageType:ObjectMessage | SourceNode:ZHENGWUBAN | DestinationNode:ZHENGWUBAN | CurrentNode:Provider | BizID:null | BizTime:2012-05-23 13:43:13.280 | SubjectName:委局当前使用版本 | SubjectCode:Version | AppID:ZHENGWUBAN-APP | Version:1 | Priority:1 | CreationTime:2012-05-23 13:43:13.094 | IsRedelivered:false | DeliveredTime: | LogTime:2012-05-23 13:43:13.281 | LogPhase:Send | LogStatus:0 | ErrorCode:null| ErrorMessage:null 
2012-05-23 13:43:13,842 INFO  [DatacenterClient] Open Succeed
2012-05-23 13:43:13,926 INFO  [DatacenterClient] Close
2012-05-23 13:43:13,952 INFO  [DatacenterClient] Open Succeed
2012-05-23 13:43:14,019 INFO  [DatacenterClient] Open Succeed
2012-05-23 13:43:14,221 INFO  [DatacenterClient] Send
2012-05-23 13:43:14,301 INFO  [DatacenterClient] Send Succeed
2012-05-23 13:43:14,302 INFO  [AuditLog] AuditLogID:3595ca19-4b70-4f8d-ba71-f1f1acfef97b | MessageID:d5a193ea-56e8-460b-814e-a05f31a47b62 | CorrelationID:null | MessageType:ObjectMessage | SourceNode:ZHENGWUBAN | DestinationNode:ZHENGWUBAN | CurrentNode:Provider | BizID:null | BizTime:2012-05-23 13:43:14.219 | SubjectName:委局当前使用版本 | SubjectCode:Version | AppID:ZHENGWUBAN-APP | Version:1 | Priority:1 | CreationTime:2012-05-23 13:43:13.901 | IsRedelivered:false | DeliveredTime: | LogTime:2012-05-23 13:43:14.222 | LogPhase:Send | LogStatus:0 | ErrorCode:null| ErrorMessage:null 
2012-05-23 13:43:14,318 INFO  [DatacenterClient] Close
2012-05-23 13:43:14,367 INFO  [DatacenterClient] Send
2012-05-23 13:43:14,440 INFO  [DatacenterClient] Send Succeed
2012-05-23 13:43:14,441 INFO  [AuditLog] AuditLogID:9119590d-ae8b-4ca6-be36-fe578d64404e | MessageID:fb886773-5b74-49c2-9894-85a52f50f773 | CorrelationID:null | MessageType:ObjectMessage | SourceNode:ZHENGWUBAN | DestinationNode:ZHENGWUBAN | CurrentNode:Provider | BizID:null | BizTime:2012-05-23 13:43:14.365 | SubjectName:委局当前使用版本 | SubjectCode:Version | AppID:ZHENGWUBAN-APP | Version:1 | Priority:1 | CreationTime:2012-05-23 13:43:14.016 | IsRedelivered:false | DeliveredTime: | LogTime:2012-05-23 13:43:14.368 | LogPhase:Send | LogStatus:0 | ErrorCode:null| ErrorMessage:null 
2012-05-23 13:43:14,452 INFO  [DatacenterClient] Close
2012-05-23 13:43:14,484 INFO  [DatacenterClient] Send
2012-05-23 13:43:14,553 INFO  [DatacenterClient] Send Succeed
2012-05-23 13:43:14,554 INFO  [AuditLog] AuditLogID:b073c867-f12c-4e9e-879a-cff4bda5115a | MessageID:c734648c-53ce-49ef-804b-5a4b7cc3e3c1 | CorrelationID:null | MessageType:ObjectMessage | SourceNode:ZHENGWUBAN | DestinationNode:ZHENGWUBAN | CurrentNode:Provider | BizID:null | BizTime:2012-05-23 13:43:14.482 | SubjectName:委局当前使用版本 | SubjectCode:Version | AppID:ZHENGWUBAN-APP | Version:1 | Priority:1 | CreationTime:2012-05-23 13:43:14.098 | IsRedelivered:false | DeliveredTime: | LogTime:2012-05-23 13:43:14.485 | LogPhase:Send | LogStatus:0 | ErrorCode:null| ErrorMessage:null 
2012-05-23 13:43:14,563 INFO  [DatacenterClient] Close
2012-05-23 13:44:01,187 INFO  [DatacenterClient] DatacenterClient
2012-05-23 13:44:04,239 INFO  [DatacenterClient] Open Succeed
2012-05-23 13:44:04,485 INFO  [DatacenterClient] Send
2012-05-23 13:44:04,533 INFO  [DatacenterClient] Send Succeed
2012-05-23 13:44:04,534 INFO  [AuditLog] AuditLogID:d04ba45f-1a94-4922-938f-920a34a7e6a9 | MessageID:8b458583-c451-4a19-80f3-e4b19bf58fa6 | CorrelationID:null | MessageType:ObjectMessage | SourceNode:ZHENGWUBAN | DestinationNode:ZHENGWUBAN | CurrentNode:Provider | BizID:null | BizTime:2012-05-23 13:44:04.484 | SubjectName:委局当前使用版本 | SubjectCode:Version | AppID:ZHENGWUBAN-APP | Version:1 | Priority:1 | CreationTime:2012-05-23 13:44:04.299 | IsRedelivered:false | DeliveredTime: | LogTime:2012-05-23 13:44:04.485 | LogPhase:Send | LogStatus:0 | ErrorCode:null| ErrorMessage:null 
2012-05-23 13:44:04,544 INFO  [DatacenterClient] Close
2012-05-23 13:44:46,288 INFO  [DatacenterClient] DatacenterClient
2012-05-23 13:44:49,513 INFO  [DatacenterClient] Open Succeed
2012-05-23 13:44:49,795 INFO  [DatacenterClient] Send
2012-05-23 13:44:49,835 INFO  [DatacenterClient] Send Succeed
2012-05-23 13:44:49,835 INFO  [AuditLog] AuditLogID:19f4f233-e118-4d87-90fb-3b820f276f0e | MessageID:f97a5979-d424-417a-af3e-bb5ea8bd7c24 | CorrelationID:null | MessageType:ObjectMessage | SourceNode:ZHENGWUBAN | DestinationNode:ZHENGWUBAN | CurrentNode:Provider | BizID:null | BizTime:2012-05-23 13:44:49.794 | SubjectName:委局当前使用版本 | SubjectCode:Version | AppID:ZHENGWUBAN-APP | Version:1 | Priority:1 | CreationTime:2012-05-23 13:44:49.565 | IsRedelivered:false | DeliveredTime: | LogTime:2012-05-23 13:44:49.796 | LogPhase:Send | LogStatus:0 | ErrorCode:null| ErrorMessage:null 
2012-05-23 13:44:49,844 INFO  [DatacenterClient] Close
2012-05-23 13:47:08,377 INFO  [DatacenterClient] DatacenterClient
2012-05-23 13:47:11,035 INFO  [DatacenterClient] Open Succeed
2012-05-23 13:47:11,270 INFO  [DatacenterClient] Send
2012-05-23 13:47:11,314 INFO  [DatacenterClient] Send Succeed
2012-05-23 13:47:11,315 INFO  [AuditLog] AuditLogID:6719dd0c-f8cf-42d2-ad24-d1d5b73799ca | MessageID:f066f786-8e65-42d8-8fc2-d2c5c4de3b3a | CorrelationID:null | MessageType:ObjectMessage | SourceNode:ZHENGWUBAN | DestinationNode:ZHENGWUBAN | CurrentNode:Provider | BizID:null | BizTime:2012-05-23 13:47:11.269 | SubjectName:委局当前使用版本 | SubjectCode:Version | AppID:ZHENGWUBAN-APP | Version:1 | Priority:1 | CreationTime:2012-05-23 13:47:11.085 | IsRedelivered:false | DeliveredTime: | LogTime:2012-05-23 13:47:11.271 | LogPhase:Send | LogStatus:0 | ErrorCode:null| ErrorMessage:null 
2012-05-23 13:47:11,324 INFO  [DatacenterClient] Close
2012-05-23 13:47:35,515 INFO  [DatacenterClient] DatacenterClient
2012-05-23 13:47:38,330 INFO  [DatacenterClient] Open Succeed
2012-05-23 13:47:38,558 INFO  [DatacenterClient] Send
2012-05-23 13:47:38,597 INFO  [DatacenterClient] Send Succeed
2012-05-23 13:47:38,598 INFO  [AuditLog] AuditLogID:bd3e7220-9e85-42fe-a85d-7e83e2c1c74f | MessageID:57041dc1-3942-4d62-969f-14b8aa35fff4 | CorrelationID:null | MessageType:ObjectMessage | SourceNode:ZHENGWUBAN | DestinationNode:ZHENGWUBAN | CurrentNode:Provider | BizID:null | BizTime:2012-05-23 13:47:38.557 | SubjectName:委局当前使用版本 | SubjectCode:Version | AppID:ZHENGWUBAN-APP | Version:1 | Priority:1 | CreationTime:2012-05-23 13:47:38.388 | IsRedelivered:false | DeliveredTime: | LogTime:2012-05-23 13:47:38.559 | LogPhase:Send | LogStatus:0 | ErrorCode:null| ErrorMessage:null 
2012-05-23 13:47:38,606 INFO  [DatacenterClient] Close
2012-05-23 13:47:39,673 INFO  [DatacenterClient] DatacenterClient
2012-05-23 13:47:42,220 INFO  [DatacenterClient] Open Succeed
2012-05-23 13:47:42,262 INFO  [DatacenterClient] Send
2012-05-23 13:47:42,276 INFO  [DatacenterClient] Send Succeed
2012-05-23 13:47:42,276 INFO  [AuditLog] AuditLogID:cc2d483e-3586-407e-b95d-647a1980702a | MessageID:545da695-24db-4a51-bc37-d497e097e7b2 | CorrelationID:null | MessageType:ObjectMessage | SourceNode:ZHENGWUBAN | DestinationNode:ZHENGWUBAN | CurrentNode:Provider | BizID:null | BizTime:2012-05-23 13:47:42.262 | SubjectName:委局当前使用版本 | SubjectCode:Version | AppID:ZHENGWUBAN-APP | Version:1 | Priority:1 | CreationTime:2012-05-23 13:47:42.222 | IsRedelivered:false | DeliveredTime: | LogTime:2012-05-23 13:47:42.263 | LogPhase:Send | LogStatus:0 | ErrorCode:null| ErrorMessage:null 
2012-05-23 13:47:42,282 INFO  [DatacenterClient] Close
2012-05-23 13:47:57,168 INFO  [DatacenterClient] DatacenterClient
2012-05-23 13:47:59,612 INFO  [DatacenterClient] Open Succeed
2012-05-23 13:47:59,654 INFO  [DatacenterClient] Send
2012-05-23 13:47:59,671 INFO  [DatacenterClient] Send Succeed
2012-05-23 13:47:59,672 INFO  [AuditLog] AuditLogID:69078dd8-08c8-43bb-83a9-c0fb9c09de40 | MessageID:36ea15c3-fdbc-462c-84fd-cf6c231032c9 | CorrelationID:null | MessageType:ObjectMessage | SourceNode:ZHENGWUBAN | DestinationNode:ZHENGWUBAN | CurrentNode:Provider | BizID:null | BizTime:2012-05-23 13:47:59.654 | SubjectName:委局当前使用版本 | SubjectCode:Version | AppID:ZHENGWUBAN-APP | Version:1 | Priority:1 | CreationTime:2012-05-23 13:47:59.614 | IsRedelivered:false | DeliveredTime: | LogTime:2012-05-23 13:47:59.655 | LogPhase:Send | LogStatus:0 | ErrorCode:null| ErrorMessage:null 
2012-05-23 13:47:59,679 INFO  [DatacenterClient] Close
2012-05-23 13:48:03,837 INFO  [DatacenterClient] DatacenterClient
2012-05-23 13:48:06,294 INFO  [DatacenterClient] Open Succeed
2012-05-23 13:48:06,318 INFO  [DatacenterClient] Send
2012-05-23 13:48:06,342 INFO  [DatacenterClient] Send Succeed
2012-05-23 13:48:06,342 INFO  [AuditLog] AuditLogID:eb408ca4-cbf6-43f7-917a-bf8a3f8e93a5 | MessageID:781c56dc-4717-4f6b-a9ad-8c9d93aaea9f | CorrelationID:null | MessageType:ObjectMessage | SourceNode:ZHENGWUBAN | DestinationNode:ZHENGWUBAN | CurrentNode:Provider | BizID:null | BizTime:2012-05-23 13:48:06.318 | SubjectName:委局当前使用版本 | SubjectCode:Version | AppID:ZHENGWUBAN-APP | Version:1 | Priority:1 | CreationTime:2012-05-23 13:48:06.295 | IsRedelivered:false | DeliveredTime: | LogTime:2012-05-23 13:48:06.319 | LogPhase:Send | LogStatus:0 | ErrorCode:null| ErrorMessage:null 
2012-05-23 13:48:06,348 INFO  [DatacenterClient] Close
2012-05-23 13:48:10,188 INFO  [DatacenterClient] DatacenterClient
2012-05-23 13:48:12,526 INFO  [DatacenterClient] DatacenterClient
2012-05-23 13:48:12,577 INFO  [DatacenterClient] Open Succeed
2012-05-23 13:48:12,602 INFO  [DatacenterClient] Send
2012-05-23 13:48:12,633 INFO  [DatacenterClient] Send Succeed
2012-05-23 13:48:12,633 INFO  [AuditLog] AuditLogID:93665a21-bdf9-48d7-89b9-d605b6218932 | MessageID:d06f770a-1a3a-4d0f-bad3-5f9cf158b03c | CorrelationID:null | MessageType:ObjectMessage | SourceNode:ZHENGWUBAN | DestinationNode:ZHENGWUBAN | CurrentNode:Provider | BizID:null | BizTime:2012-05-23 13:48:12.602 | SubjectName:委局当前使用版本 | SubjectCode:Version | AppID:ZHENGWUBAN-APP | Version:1 | Priority:1 | CreationTime:2012-05-23 13:48:12.578 | IsRedelivered:false | DeliveredTime: | LogTime:2012-05-23 13:48:12.602 | LogPhase:Send | LogStatus:0 | ErrorCode:null| ErrorMessage:null 
2012-05-23 13:48:12,670 INFO  [DatacenterClient] Close
2012-05-23 13:48:13,968 INFO  [DatacenterClient] DatacenterClient
2012-05-23 13:48:14,371 INFO  [DatacenterClient] DatacenterClient
2012-05-23 13:48:14,535 INFO  [DatacenterClient] DatacenterClient
2012-05-23 13:48:14,591 INFO  [DatacenterClient] DatacenterClient
2012-05-23 13:48:15,945 INFO  [DatacenterClient] Open Succeed
2012-05-23 13:48:15,981 INFO  [DatacenterClient] Send
2012-05-23 13:48:16,642 INFO  [DatacenterClient] Send Succeed
2012-05-23 13:48:16,642 INFO  [AuditLog] AuditLogID:ace75e80-d098-4439-8039-8c98267609e9 | MessageID:eb8c165d-e9d1-4d13-9ab9-477f4542513c | CorrelationID:null | MessageType:ObjectMessage | SourceNode:ZHENGWUBAN | DestinationNode:ZHENGWUBAN | CurrentNode:Provider | BizID:null | BizTime:2012-05-23 13:48:15.981 | SubjectName:委局当前使用版本 | SubjectCode:Version | AppID:ZHENGWUBAN-APP | Version:1 | Priority:1 | CreationTime:2012-05-23 13:48:15.946 | IsRedelivered:false | DeliveredTime: | LogTime:2012-05-23 13:48:15.981 | LogPhase:Send | LogStatus:0 | ErrorCode:null| ErrorMessage:null 
2012-05-23 13:48:17,015 INFO  [DatacenterClient] Close
2012-05-23 13:48:23,489 INFO  [DatacenterClient] Open Succeed
2012-05-23 13:48:23,528 INFO  [DatacenterClient] Send
2012-05-23 13:48:24,122 INFO  [DatacenterClient] Send Succeed
2012-05-23 13:48:24,122 INFO  [AuditLog] AuditLogID:18624b8d-25c9-4d16-b459-c4629a3d2a53 | MessageID:794d3a5f-10bc-410a-95fe-bc67be4b18cd | CorrelationID:null | MessageType:ObjectMessage | SourceNode:ZHENGWUBAN | DestinationNode:ZHENGWUBAN | CurrentNode:Provider | BizID:null | BizTime:2012-05-23 13:48:23.528 | SubjectName:委局当前使用版本 | SubjectCode:Version | AppID:ZHENGWUBAN-APP | Version:1 | Priority:1 | CreationTime:2012-05-23 13:48:23.491 | IsRedelivered:false | DeliveredTime: | LogTime:2012-05-23 13:48:23.529 | LogPhase:Send | LogStatus:0 | ErrorCode:null| ErrorMessage:null 
2012-05-23 13:48:24,434 INFO  [DatacenterClient] Close
2012-05-23 13:48:24,696 INFO  [DatacenterClient] Open Succeed
2012-05-23 13:48:24,726 INFO  [DatacenterClient] Send
2012-05-23 13:48:25,023 INFO  [DatacenterClient] Send Succeed
2012-05-23 13:48:25,023 INFO  [DatacenterClient] Open Succeed
2012-05-23 13:48:25,023 INFO  [AuditLog] AuditLogID:3a45392d-f045-4415-8585-b1eec66e5eb4 | MessageID:9428ef00-9bd3-480e-a748-50b40178c748 | CorrelationID:null | MessageType:ObjectMessage | SourceNode:ZHENGWUBAN | DestinationNode:ZHENGWUBAN | CurrentNode:Provider | BizID:null | BizTime:2012-05-23 13:48:24.726 | SubjectName:委局当前使用版本 | SubjectCode:Version | AppID:ZHENGWUBAN-APP | Version:1 | Priority:1 | CreationTime:2012-05-23 13:48:24.698 | IsRedelivered:false | DeliveredTime: | LogTime:2012-05-23 13:48:24.727 | LogPhase:Send | LogStatus:0 | ErrorCode:null| ErrorMessage:null 
2012-05-23 13:48:25,026 INFO  [DatacenterClient] Open Succeed
2012-05-23 13:48:25,031 INFO  [DatacenterClient] Close
2012-05-23 13:48:25,072 INFO  [DatacenterClient] Send
2012-05-23 13:48:25,075 INFO  [DatacenterClient] Send
2012-05-23 13:48:25,081 INFO  [DatacenterClient] Send Succeed
2012-05-23 13:48:25,081 INFO  [AuditLog] AuditLogID:aef499c7-b684-40f0-b557-519302608f14 | MessageID:0a53b1f7-898e-40e9-ab8a-fd9e45cd842d | CorrelationID:null | MessageType:ObjectMessage | SourceNode:ZHENGWUBAN | DestinationNode:ZHENGWUBAN | CurrentNode:Provider | BizID:null | BizTime:2012-05-23 13:48:25.072 | SubjectName:委局当前使用版本 | SubjectCode:Version | AppID:ZHENGWUBAN-APP | Version:1 | Priority:1 | CreationTime:2012-05-23 13:48:25.024 | IsRedelivered:false | DeliveredTime: | LogTime:2012-05-23 13:48:25.073 | LogPhase:Send | LogStatus:0 | ErrorCode:null| ErrorMessage:null 
2012-05-23 13:48:25,084 INFO  [DatacenterClient] Send Succeed
2012-05-23 13:48:25,085 INFO  [AuditLog] AuditLogID:bc7d48e7-118d-4546-a463-8955d193d017 | MessageID:86418bd4-a33b-400a-a0ca-9a00a119d0c5 | CorrelationID:null | MessageType:ObjectMessage | SourceNode:ZHENGWUBAN | DestinationNode:ZHENGWUBAN | CurrentNode:Provider | BizID:null | BizTime:2012-05-23 13:48:25.074 | SubjectName:委局当前使用版本 | SubjectCode:Version | AppID:ZHENGWUBAN-APP | Version:1 | Priority:1 | CreationTime:2012-05-23 13:48:25.027 | IsRedelivered:false | DeliveredTime: | LogTime:2012-05-23 13:48:25.075 | LogPhase:Send | LogStatus:0 | ErrorCode:null| ErrorMessage:null 
2012-05-23 13:48:25,088 INFO  [DatacenterClient] Close
2012-05-23 13:48:25,092 INFO  [DatacenterClient] Close
2012-05-23 13:49:04,595 INFO  [DatacenterClient] DatacenterClient
2012-05-23 13:49:06,943 INFO  [DatacenterClient] Open Succeed
2012-05-23 13:49:06,989 INFO  [DatacenterClient] Send
2012-05-23 13:49:07,003 INFO  [DatacenterClient] Send Succeed
2012-05-23 13:49:07,004 INFO  [AuditLog] AuditLogID:cf0589b5-01ab-4d08-baaa-1a002c0f3575 | MessageID:2b27f81d-52b2-4cc1-a4cc-dff71119b36f | CorrelationID:null | MessageType:ObjectMessage | SourceNode:ZHENGWUBAN | DestinationNode:ZHENGWUBAN | CurrentNode:Provider | BizID:null | BizTime:2012-05-23 13:49:06.989 | SubjectName:委局当前使用版本 | SubjectCode:Version | AppID:ZHENGWUBAN-APP | Version:1 | Priority:1 | CreationTime:2012-05-23 13:49:06.945 | IsRedelivered:false | DeliveredTime: | LogTime:2012-05-23 13:49:06.990 | LogPhase:Send | LogStatus:0 | ErrorCode:null| ErrorMessage:null 
2012-05-23 13:49:07,007 INFO  [DatacenterClient] Close
2012-05-23 14:19:28,233 INFO  [DatacenterClient] DatacenterClient
2012-05-23 14:19:28,877 INFO  [DatacenterClient] Open Succeed
2012-05-23 14:19:29,104 INFO  [DatacenterClient] Send
2012-05-23 14:19:29,148 INFO  [DatacenterClient] Send Succeed
2012-05-23 14:19:29,148 INFO  [AuditLog] AuditLogID:1440eae1-b69b-47f9-9e51-67993037b9f5 | MessageID:c61b3d91-332f-4cda-ad97-aa8d6e5f267d | CorrelationID:null | MessageType:ObjectMessage | SourceNode:ZHENGWUBAN | DestinationNode:ZHENGWUBAN | CurrentNode:Provider | BizID:null | BizTime:2012-05-23 14:19:29.103 | SubjectName:委局当前使用版本 | SubjectCode:Version | AppID:ZHENGWUBAN-APP | Version:1 | Priority:1 | CreationTime:2012-05-23 14:19:28.927 | IsRedelivered:false | DeliveredTime: | LogTime:2012-05-23 14:19:29.105 | LogPhase:Send | LogStatus:0 | ErrorCode:null| ErrorMessage:null 
2012-05-23 14:19:29,157 INFO  [DatacenterClient] Close
2012-05-23 14:19:30,181 INFO  [DatacenterClient] DatacenterClient
2012-05-23 14:19:30,559 INFO  [DatacenterClient] Open Succeed
2012-05-23 14:19:30,583 INFO  [DatacenterClient] Send
2012-05-23 14:19:30,599 INFO  [DatacenterClient] Send Succeed
2012-05-23 14:19:30,599 INFO  [AuditLog] AuditLogID:38b91888-3708-4bc2-93cf-2c171e842568 | MessageID:ce3b0c0a-b5b9-4c28-a1c5-cc4510dcedef | CorrelationID:null | MessageType:ObjectMessage | SourceNode:ZHENGWUBAN | DestinationNode:ZHENGWUBAN | CurrentNode:Provider | BizID:null | BizTime:2012-05-23 14:19:30.583 | SubjectName:委局当前使用版本 | SubjectCode:Version | AppID:ZHENGWUBAN-APP | Version:1 | Priority:1 | CreationTime:2012-05-23 14:19:30.560 | IsRedelivered:false | DeliveredTime: | LogTime:2012-05-23 14:19:30.584 | LogPhase:Send | LogStatus:0 | ErrorCode:null| ErrorMessage:null 
2012-05-23 14:19:30,607 INFO  [DatacenterClient] Close
2012-05-23 14:19:31,199 INFO  [DatacenterClient] DatacenterClient
2012-05-23 14:19:31,621 INFO  [DatacenterClient] Open Succeed
2012-05-23 14:19:31,636 INFO  [DatacenterClient] Send
2012-05-23 14:19:31,648 INFO  [DatacenterClient] Send Succeed
2012-05-23 14:19:31,648 INFO  [AuditLog] AuditLogID:e64d12e6-a9e6-4b51-b88d-bbec5002e2a6 | MessageID:b50d156e-4b37-4560-bfab-78a8b4cfb7ec | CorrelationID:null | MessageType:ObjectMessage | SourceNode:ZHENGWUBAN | DestinationNode:ZHENGWUBAN | CurrentNode:Provider | BizID:null | BizTime:2012-05-23 14:19:31.636 | SubjectName:委局当前使用版本 | SubjectCode:Version | AppID:ZHENGWUBAN-APP | Version:1 | Priority:1 | CreationTime:2012-05-23 14:19:31.622 | IsRedelivered:false | DeliveredTime: | LogTime:2012-05-23 14:19:31.637 | LogPhase:Send | LogStatus:0 | ErrorCode:null| ErrorMessage:null 
2012-05-23 14:19:31,657 INFO  [DatacenterClient] Close
2012-05-23 14:19:32,215 INFO  [DatacenterClient] DatacenterClient
2012-05-23 14:19:33,216 INFO  [DatacenterClient] Open Succeed
2012-05-23 14:19:33,239 INFO  [DatacenterClient] Send
2012-05-23 14:19:33,261 INFO  [DatacenterClient] Send Succeed
2012-05-23 14:19:33,262 INFO  [AuditLog] AuditLogID:378fd10f-7afe-488d-b69a-81b83cc6c8fe | MessageID:1cd2819f-19bf-4cee-a6b3-a23379013064 | CorrelationID:null | MessageType:ObjectMessage | SourceNode:ZHENGWUBAN | DestinationNode:ZHENGWUBAN | CurrentNode:Provider | BizID:null | BizTime:2012-05-23 14:19:33.238 | SubjectName:委局当前使用版本 | SubjectCode:Version | AppID:ZHENGWUBAN-APP | Version:1 | Priority:1 | CreationTime:2012-05-23 14:19:33.218 | IsRedelivered:false | DeliveredTime: | LogTime:2012-05-23 14:19:33.239 | LogPhase:Send | LogStatus:0 | ErrorCode:null| ErrorMessage:null 
2012-05-23 14:19:33,275 INFO  [DatacenterClient] Close
2012-05-23 14:19:33,291 INFO  [DatacenterClient] DatacenterClient
2012-05-23 14:19:35,412 INFO  [DatacenterClient] Open Succeed
2012-05-23 14:19:35,429 INFO  [DatacenterClient] Send
2012-05-23 14:19:35,447 INFO  [DatacenterClient] Send Succeed
2012-05-23 14:19:36,460 INFO  [AuditLog] AuditLogID:46434a29-95c1-4500-ac65-bf9f7f1d026f | MessageID:ab82c437-7b94-4268-8720-a0ce2ee8796a | CorrelationID:null | MessageType:ObjectMessage | SourceNode:ZHENGWUBAN | DestinationNode:ZHENGWUBAN | CurrentNode:Provider | BizID:null | BizTime:2012-05-23 14:19:35.429 | SubjectName:委局当前使用版本 | SubjectCode:Version | AppID:ZHENGWUBAN-APP | Version:1 | Priority:1 | CreationTime:2012-05-23 14:19:35.413 | IsRedelivered:false | DeliveredTime: | LogTime:2012-05-23 14:19:35.430 | LogPhase:Send | LogStatus:0 | ErrorCode:null| ErrorMessage:null 
2012-05-23 14:19:36,548 INFO  [DatacenterClient] Close
2012-05-23 14:19:36,591 INFO  [DatacenterClient] DatacenterClient
2012-05-23 14:19:39,343 INFO  [DatacenterClient] Open Succeed
2012-05-23 14:19:39,367 INFO  [DatacenterClient] Send
2012-05-23 14:19:39,378 INFO  [DatacenterClient] Send Succeed
2012-05-23 14:19:39,379 INFO  [AuditLog] AuditLogID:2c533da9-8cb9-44e8-9080-82cc783dd3e4 | MessageID:8520336f-7ba8-4d44-a236-e85edbaa7161 | CorrelationID:null | MessageType:ObjectMessage | SourceNode:ZHENGWUBAN | DestinationNode:ZHENGWUBAN | CurrentNode:Provider | BizID:null | BizTime:2012-05-23 14:19:39.367 | SubjectName:委局当前使用版本 | SubjectCode:Version | AppID:ZHENGWUBAN-APP | Version:1 | Priority:1 | CreationTime:2012-05-23 14:19:39.350 | IsRedelivered:false | DeliveredTime: | LogTime:2012-05-23 14:19:39.368 | LogPhase:Send | LogStatus:0 | ErrorCode:null| ErrorMessage:null 
2012-05-23 14:19:39,384 INFO  [DatacenterClient] Close
2012-05-23 14:19:39,398 INFO  [DatacenterClient] DatacenterClient
2012-05-23 14:19:39,720 INFO  [DatacenterClient] Open Succeed
2012-05-23 14:19:39,737 INFO  [DatacenterClient] Send
2012-05-23 14:19:39,749 INFO  [DatacenterClient] Send Succeed
2012-05-23 14:19:39,749 INFO  [AuditLog] AuditLogID:8d5f29e1-ead2-4cd1-846f-6d7d91e322b8 | MessageID:33fca3e1-3c57-4b4d-8c85-760812b3596a | CorrelationID:null | MessageType:ObjectMessage | SourceNode:ZHENGWUBAN | DestinationNode:ZHENGWUBAN | CurrentNode:Provider | BizID:null | BizTime:2012-05-23 14:19:39.737 | SubjectName:委局当前使用版本 | SubjectCode:Version | AppID:ZHENGWUBAN-APP | Version:1 | Priority:1 | CreationTime:2012-05-23 14:19:39.722 | IsRedelivered:false | DeliveredTime: | LogTime:2012-05-23 14:19:39.738 | LogPhase:Send | LogStatus:0 | ErrorCode:null| ErrorMessage:null 
2012-05-23 14:19:39,760 INFO  [DatacenterClient] Close
2012-05-23 14:19:40,425 INFO  [DatacenterClient] DatacenterClient
2012-05-23 14:19:40,716 INFO  [DatacenterClient] Open Succeed
2012-05-23 14:19:40,732 INFO  [DatacenterClient] Send
2012-05-23 14:19:40,741 INFO  [DatacenterClient] Send Succeed
2012-05-23 14:19:40,742 INFO  [AuditLog] AuditLogID:d76b6111-3e1c-433a-9733-99a98da8efd8 | MessageID:c5944798-eb8b-4dab-8bcb-5a9bfe4b76f1 | CorrelationID:null | MessageType:ObjectMessage | SourceNode:ZHENGWUBAN | DestinationNode:ZHENGWUBAN | CurrentNode:Provider | BizID:null | BizTime:2012-05-23 14:19:40.732 | SubjectName:委局当前使用版本 | SubjectCode:Version | AppID:ZHENGWUBAN-APP | Version:1 | Priority:1 | CreationTime:2012-05-23 14:19:40.718 | IsRedelivered:false | DeliveredTime: | LogTime:2012-05-23 14:19:40.732 | LogPhase:Send | LogStatus:0 | ErrorCode:null| ErrorMessage:null 
2012-05-23 14:19:40,750 INFO  [DatacenterClient] Close
2012-05-23 14:19:41,413 INFO  [DatacenterClient] DatacenterClient
2012-05-23 14:19:42,559 INFO  [DatacenterClient] Open Succeed
2012-05-23 14:19:42,581 INFO  [DatacenterClient] Send
2012-05-23 14:19:42,592 INFO  [DatacenterClient] Send Succeed
2012-05-23 14:19:42,593 INFO  [AuditLog] AuditLogID:8e3633b6-9a07-4e29-b002-fcb8e40486cb | MessageID:550416c3-df1f-498c-917a-5cf180a730d2 | CorrelationID:null | MessageType:ObjectMessage | SourceNode:ZHENGWUBAN | DestinationNode:ZHENGWUBAN | CurrentNode:Provider | BizID:null | BizTime:2012-05-23 14:19:42.581 | SubjectName:委局当前使用版本 | SubjectCode:Version | AppID:ZHENGWUBAN-APP | Version:1 | Priority:1 | CreationTime:2012-05-23 14:19:42.561 | IsRedelivered:false | DeliveredTime: | LogTime:2012-05-23 14:19:42.582 | LogPhase:Send | LogStatus:0 | ErrorCode:null| ErrorMessage:null 
2012-05-23 14:19:42,604 INFO  [DatacenterClient] Close
2012-05-23 14:19:42,619 INFO  [DatacenterClient] DatacenterClient
2012-05-23 14:19:43,060 INFO  [DatacenterClient] Open Succeed
2012-05-23 14:19:43,071 INFO  [DatacenterClient] Send
2012-05-23 14:19:43,085 INFO  [DatacenterClient] Send Succeed
2012-05-23 14:19:43,085 INFO  [AuditLog] AuditLogID:5220d70a-f6cc-45fe-8dee-42fdeaca22d3 | MessageID:9b073047-f48e-4433-95c3-c39374657b96 | CorrelationID:null | MessageType:ObjectMessage | SourceNode:ZHENGWUBAN | DestinationNode:ZHENGWUBAN | CurrentNode:Provider | BizID:null | BizTime:2012-05-23 14:19:43.071 | SubjectName:委局当前使用版本 | SubjectCode:Version | AppID:ZHENGWUBAN-APP | Version:1 | Priority:1 | CreationTime:2012-05-23 14:19:43.061 | IsRedelivered:false | DeliveredTime: | LogTime:2012-05-23 14:19:43.072 | LogPhase:Send | LogStatus:0 | ErrorCode:null| ErrorMessage:null 
2012-05-23 14:19:43,093 INFO  [DatacenterClient] Close
2012-05-25 11:01:38,414 INFO  [DatacenterClient] DatacenterClient
2012-05-25 11:01:38,957 INFO  [DatacenterClient] Open Succeed
2012-05-25 11:01:39,942 INFO  [DatacenterClient] Send
2012-05-25 11:01:39,982 INFO  [DatacenterClient] Send Succeed
2012-05-25 11:01:39,983 INFO  [AuditLog] AuditLogID:4417e31b-3870-439e-863a-be6db4ea958e | MessageID:285c459b-c2df-429e-acb5-b1485f924a4d | CorrelationID:null | MessageType:ObjectMessage | SourceNode:ZHENGWUBAN | DestinationNode:ZHENGWUBAN | CurrentNode:Provider | BizID:null | BizTime:2012-05-25 11:01:39.941 | SubjectName:委局当前使用版本 | SubjectCode:Version | AppID:ZHENGWUBAN-APP | Version:1 | Priority:1 | CreationTime:2012-05-25 11:01:39.483 | IsRedelivered:false | DeliveredTime: | LogTime:2012-05-25 11:01:39.942 | LogPhase:Send | LogStatus:0 | ErrorCode:null| ErrorMessage:null 
2012-05-25 11:01:40,041 INFO  [DatacenterClient] Close
2012-05-25 11:02:08,448 INFO  [DatacenterClient] DatacenterClient
2012-05-25 11:02:08,714 INFO  [DatacenterClient] Open Succeed
2012-05-25 11:02:08,958 INFO  [DatacenterClient] Send
2012-05-25 11:02:08,997 INFO  [DatacenterClient] Send Succeed
2012-05-25 11:02:08,997 INFO  [AuditLog] AuditLogID:6a30536b-d6a4-4afa-baf3-eb76867fe921 | MessageID:f3001263-77d6-4e05-847f-264c4e1c5345 | CorrelationID:null | MessageType:ObjectMessage | SourceNode:ZHENGWUBAN | DestinationNode:ZHENGWUBAN | CurrentNode:Provider | BizID:null | BizTime:2012-05-25 11:02:08.957 | SubjectName:委局当前使用版本 | SubjectCode:Version | AppID:ZHENGWUBAN-APP | Version:1 | Priority:1 | CreationTime:2012-05-25 11:02:08.780 | IsRedelivered:false | DeliveredTime: | LogTime:2012-05-25 11:02:08.959 | LogPhase:Send | LogStatus:0 | ErrorCode:null| ErrorMessage:null 
2012-05-25 11:02:09,006 INFO  [DatacenterClient] Close
2012-07-25 11:22:50,059 INFO  [DatacenterClient] DatacenterClient
2012-07-25 11:22:51,559 INFO  [DatacenterClient] Open Succeed
2012-07-25 11:22:53,879 INFO  [DatacenterClient] Send
2012-07-25 11:22:54,049 INFO  [DatacenterClient] Send Succeed
2012-07-25 11:22:54,049 INFO  [AuditLog] AuditLogID:562a454d-a5db-452f-9229-17544df364b2 | MessageID:1f2c747e-d225-4e23-998d-286b06c4e8a6 | CorrelationID:null | MessageType:ObjectMessage | SourceNode:ZHENGWUBAN | DestinationNode:ZHENGWUBAN | CurrentNode:Provider | BizID:null | BizTime:2012-07-25 11:22:53.879 | SubjectName:委局当前使用版本 | SubjectCode:Version | AppID:ZHENGWUBAN-APP | Version:1 | Priority:1 | CreationTime:2012-07-25 11:22:52.349 | IsRedelivered:false | DeliveredTime: | LogTime:2012-07-25 11:22:53.879 | LogPhase:Send | LogStatus:0 | ErrorCode:null| ErrorMessage:null 
2012-07-25 11:22:54,159 INFO  [DatacenterClient] Close
2013-01-07 16:17:09,323 INFO  [DatacenterClient] DatacenterClient
2013-01-07 16:17:30,701 INFO  [DatacenterClient] Send
2013-01-07 16:17:30,701 INFO  [DatacenterClient] saveMessage:a01c66c8-c76a-47ad-9b98-b70a4f37b740
2013-01-07 16:17:30,762 INFO  [AuditLog] AuditLogID:ddf225bb-c98d-46f1-a2f1-efc6946ad7a2 | MessageID:a01c66c8-c76a-47ad-9b98-b70a4f37b740 | CorrelationID:null | MessageType:ObjectMessage | SourceNode:ZHENGWUBAN | DestinationNode:ZHENGWUBAN | CurrentNode:Provider | BizID:null | BizTime:2013-01-07 16:17:30.701 | SubjectName:委局当前使用版本 | SubjectCode:Version | AppID:ZHENGWUBAN-APP | Version:1 | Priority:1 | CreationTime:2013-01-07 16:17:30.550 | IsRedelivered:false | DeliveredTime: | LogTime:2013-01-07 16:17:30.701 | LogPhase:Send | LogStatus:1 | ErrorCode:Send| ErrorMessage:javax.jms.JMSException: Could not connect to broker URL: tcp://172.16.10.86:10240. Reason: java.net.ConnectException: Connection timed out: connect 
2013-01-07 16:17:30,766 ERROR [DatacenterClient] 
详细技术信息：Could not connect to broker URL: tcp://172.16.10.86:10240. Reason: java.net.ConnectException: Connection timed out: connect
2013-01-07 16:17:30,766 INFO  [DatacenterClient] Close
2013-01-07 16:17:30,818 INFO  [DatacenterClient] DatacenterClient
2013-01-07 17:24:07,208 INFO  [DatacenterClient] DatacenterClient
2013-01-07 17:24:08,983 INFO  [DatacenterClient] Send
2013-01-07 17:24:08,983 INFO  [DatacenterClient] saveMessage:fdb4f561-ea0f-47c2-ab47-bfb659b42c29
2013-01-07 17:24:09,024 INFO  [AuditLog] AuditLogID:98ade61f-dfdb-4c8e-94a5-b919f0854490 | MessageID:fdb4f561-ea0f-47c2-ab47-bfb659b42c29 | CorrelationID:null | MessageType:ObjectMessage | SourceNode:ZHENGWUBAN | DestinationNode:ZHENGWUBAN | CurrentNode:Provider | BizID:null | BizTime:2013-01-07 17:24:08.983 | SubjectName:濮灞褰浣跨ㄧ | SubjectCode:Version | AppID:ZHENGWUBAN-APP | Version:1 | Priority:1 | CreationTime:2013-01-07 17:24:08.383 | IsRedelivered:false | DeliveredTime: | LogTime:2013-01-07 17:24:08.983 | LogPhase:Send | LogStatus:1 | ErrorCode:Send| ErrorMessage:javax.jms.JMSException: Could not connect to broker URL: tcp://localhost:66166. Reason: java.lang.IllegalArgumentException: port out of range:66166 
2013-01-07 17:24:09,052 ERROR [DatacenterClient] 
璇缁淇℃锛Could not connect to broker URL: tcp://localhost:66166. Reason: java.lang.IllegalArgumentException: port out of range:66166
2013-01-07 17:24:09,052 INFO  [DatacenterClient] Close
2013-01-07 17:24:09,137 INFO  [DatacenterClient] DatacenterClient
2013-01-07 17:24:09,176 INFO  [DatacenterClient] Send
2013-01-07 17:24:09,176 INFO  [DatacenterClient] saveMessage:3c5c63e8-6e0c-4826-856c-bf8b3dbf42c8
2013-01-07 17:24:09,273 INFO  [AuditLog] AuditLogID:01ed8ba9-8756-47db-8430-1449510f6316 | MessageID:3c5c63e8-6e0c-4826-856c-bf8b3dbf42c8 | CorrelationID:null | MessageType:ObjectMessage | SourceNode:ZHENGWUBAN | DestinationNode:ZHENGWUBAN | CurrentNode:Provider | BizID:gz0211001 | BizTime:2013-01-07 17:24:09.176 | SubjectName: | SubjectCode:Accept | AppID:ZHENGWUBAN-APP | Version:1 | Priority:1 | CreationTime:2013-01-07 17:24:09.138 | IsRedelivered:false | DeliveredTime: | LogTime:2013-01-07 17:24:09.176 | LogPhase:Send | LogStatus:1 | ErrorCode:Send| ErrorMessage:javax.jms.JMSException: Could not connect to broker URL: tcp://localhost:66166. Reason: java.lang.IllegalArgumentException: port out of range:66166 
2013-01-07 17:24:09,274 ERROR [DatacenterClient] 
璇缁淇℃锛Could not connect to broker URL: tcp://localhost:66166. Reason: java.lang.IllegalArgumentException: port out of range:66166
2013-01-07 17:24:09,274 INFO  [DatacenterClient] Close
2013-01-07 17:24:48,354 INFO  [DatacenterClient] DatacenterClient
2013-01-07 17:24:48,788 INFO  [DatacenterClient] Send
2013-01-07 17:24:48,809 INFO  [DatacenterClient] saveMessage:8f618d4d-de23-41e1-8d70-f80522a6625b
2013-01-07 17:24:48,844 INFO  [AuditLog] AuditLogID:3b0e317e-6594-4b17-8aad-0969f5381d6d | MessageID:8f618d4d-de23-41e1-8d70-f80522a6625b | CorrelationID:null | MessageType:ObjectMessage | SourceNode:ZHENGWUBAN | DestinationNode:ZHENGWUBAN | CurrentNode:Provider | BizID:null | BizTime:2013-01-07 17:24:48.788 | SubjectName:濮灞褰浣跨ㄧ | SubjectCode:Version | AppID:ZHENGWUBAN-APP | Version:1 | Priority:1 | CreationTime:2013-01-07 17:24:48.638 | IsRedelivered:false | DeliveredTime: | LogTime:2013-01-07 17:24:48.788 | LogPhase:Send | LogStatus:1 | ErrorCode:Send| ErrorMessage:javax.jms.JMSException: User name [clientuser] or password is invalid. 
2013-01-07 17:24:48,847 ERROR [DatacenterClient] 
璇缁淇℃锛User name [clientuser] or password is invalid.
2013-01-07 17:24:48,885 INFO  [DatacenterClient] DatacenterClient
2013-01-07 17:24:48,919 INFO  [DatacenterClient] Send
2013-01-07 17:24:48,922 INFO  [DatacenterClient] saveMessage:eaa22100-ccc2-4506-a7af-15ccf8142e8d
2013-01-07 17:24:48,964 INFO  [AuditLog] AuditLogID:a2c10d8c-596a-4ad3-b5b3-2113bd112571 | MessageID:eaa22100-ccc2-4506-a7af-15ccf8142e8d | CorrelationID:null | MessageType:ObjectMessage | SourceNode:ZHENGWUBAN | DestinationNode:ZHENGWUBAN | CurrentNode:Provider | BizID:gz0211001 | BizTime:2013-01-07 17:24:48.919 | SubjectName: | SubjectCode:Accept | AppID:ZHENGWUBAN-APP | Version:1 | Priority:1 | CreationTime:2013-01-07 17:24:48.889 | IsRedelivered:false | DeliveredTime: | LogTime:2013-01-07 17:24:48.919 | LogPhase:Send | LogStatus:1 | ErrorCode:Send| ErrorMessage:javax.jms.JMSException: User name [clientuser] or password is invalid. 
2013-01-07 17:24:48,965 ERROR [DatacenterClient] 
璇缁淇℃锛User name [clientuser] or password is invalid.
2013-01-07 17:27:10,643 INFO  [DatacenterClient] DatacenterClient
2013-01-07 17:27:10,961 INFO  [DatacenterClient] Open Succeed
2013-01-07 17:27:11,777 INFO  [DatacenterClient] Send
2013-01-07 17:27:11,992 INFO  [DatacenterClient] Send Succeed
2013-01-07 17:27:11,993 INFO  [AuditLog] AuditLogID:cfcb0eb7-6dd1-4966-94d5-3db51453a0c0 | MessageID:3c5c63e8-6e0c-4826-856c-bf8b3dbf42c8 | CorrelationID:null | MessageType:ObjectMessage | SourceNode:ZHENGWUBAN | DestinationNode:ZHENGWUBAN | CurrentNode:Provider | BizID:gz0211001 | BizTime:2013-01-07 17:24:09.176 | SubjectName: | SubjectCode:Accept | AppID:ZHENGWUBAN-APP | Version:1 | Priority:1 | CreationTime:2013-01-07 17:24:09.138 | IsRedelivered:true | DeliveredTime:2013-01-07 17:27:11.776 | LogTime:2013-01-07 17:27:11.779 | LogPhase:Send | LogStatus:0 | ErrorCode:null| ErrorMessage:null 
2013-01-07 17:27:12,015 INFO  [DatacenterClient] Send
2013-01-07 17:27:12,059 INFO  [DatacenterClient] Send Succeed
2013-01-07 17:27:12,059 INFO  [AuditLog] AuditLogID:becd5006-97d4-444f-824f-45d886aa29a3 | MessageID:8f618d4d-de23-41e1-8d70-f80522a6625b | CorrelationID:null | MessageType:ObjectMessage | SourceNode:ZHENGWUBAN | DestinationNode:ZHENGWUBAN | CurrentNode:Provider | BizID:null | BizTime:2013-01-07 17:24:48.788 | SubjectName:濮灞褰浣跨ㄧ | SubjectCode:Version | AppID:ZHENGWUBAN-APP | Version:1 | Priority:1 | CreationTime:2013-01-07 17:24:48.638 | IsRedelivered:true | DeliveredTime:2013-01-07 17:27:12.015 | LogTime:2013-01-07 17:27:12.015 | LogPhase:Send | LogStatus:0 | ErrorCode:null| ErrorMessage:null 
2013-01-07 17:27:12,097 INFO  [DatacenterClient] Send
2013-01-07 17:27:12,168 INFO  [DatacenterClient] Send Succeed
2013-01-07 17:27:12,169 INFO  [AuditLog] AuditLogID:b0740e14-2786-4653-9090-d9d4fee2855a | MessageID:a01c66c8-c76a-47ad-9b98-b70a4f37b740 | CorrelationID:null | MessageType:ObjectMessage | SourceNode:ZHENGWUBAN | DestinationNode:ZHENGWUBAN | CurrentNode:Provider | BizID:null | BizTime:2013-01-07 16:17:30.701 | SubjectName:委锟街碉拷前使锟矫版本 | SubjectCode:Version | AppID:ZHENGWUBAN-APP | Version:1 | Priority:1 | CreationTime:2013-01-07 16:17:30.550 | IsRedelivered:true | DeliveredTime:2013-01-07 17:27:12.097 | LogTime:2013-01-07 17:27:12.097 | LogPhase:Send | LogStatus:0 | ErrorCode:null| ErrorMessage:null 
2013-01-07 17:27:12,201 INFO  [DatacenterClient] Send
2013-01-07 17:27:12,250 INFO  [DatacenterClient] Send Succeed
2013-01-07 17:27:12,251 INFO  [AuditLog] AuditLogID:ae1322d5-d2ce-425e-909f-005f45adb4d9 | MessageID:eaa22100-ccc2-4506-a7af-15ccf8142e8d | CorrelationID:null | MessageType:ObjectMessage | SourceNode:ZHENGWUBAN | DestinationNode:ZHENGWUBAN | CurrentNode:Provider | BizID:gz0211001 | BizTime:2013-01-07 17:24:48.919 | SubjectName: | SubjectCode:Accept | AppID:ZHENGWUBAN-APP | Version:1 | Priority:1 | CreationTime:2013-01-07 17:24:48.889 | IsRedelivered:true | DeliveredTime:2013-01-07 17:27:12.201 | LogTime:2013-01-07 17:27:12.201 | LogPhase:Send | LogStatus:0 | ErrorCode:null| ErrorMessage:null 
2013-01-07 17:27:12,283 INFO  [DatacenterClient] Send
2013-01-07 17:27:12,427 INFO  [DatacenterClient] Send Succeed
2013-01-07 17:27:12,427 INFO  [AuditLog] AuditLogID:aede8fac-7f8c-446c-bdb5-561a00dd1cec | MessageID:fdb4f561-ea0f-47c2-ab47-bfb659b42c29 | CorrelationID:null | MessageType:ObjectMessage | SourceNode:ZHENGWUBAN | DestinationNode:ZHENGWUBAN | CurrentNode:Provider | BizID:null | BizTime:2013-01-07 17:24:08.983 | SubjectName:濮灞褰浣跨ㄧ | SubjectCode:Version | AppID:ZHENGWUBAN-APP | Version:1 | Priority:1 | CreationTime:2013-01-07 17:24:08.383 | IsRedelivered:true | DeliveredTime:2013-01-07 17:27:12.283 | LogTime:2013-01-07 17:27:12.283 | LogPhase:Send | LogStatus:0 | ErrorCode:null| ErrorMessage:null 
2013-01-07 17:27:12,429 INFO  [DatacenterClient] SendPendingAuditlogs
2013-01-07 17:27:12,444 INFO  [DatacenterClient] SendPendingAuditlog:01ed8ba9-8756-47db-8430-1449510f6316
2013-01-07 17:27:12,473 INFO  [DatacenterClient] SendPendingAuditlog:3b0e317e-6594-4b17-8aad-0969f5381d6d
2013-01-07 17:27:12,500 INFO  [DatacenterClient] SendPendingAuditlog:98ade61f-dfdb-4c8e-94a5-b919f0854490
2013-01-07 17:27:12,541 INFO  [DatacenterClient] SendPendingAuditlog:a2c10d8c-596a-4ad3-b5b3-2113bd112571
2013-01-07 17:27:12,604 INFO  [DatacenterClient] SendPendingAuditlog:ddf225bb-c98d-46f1-a2f1-efc6946ad7a2
2013-01-07 17:27:12,654 INFO  [DatacenterClient] Send
2013-01-07 17:27:12,700 INFO  [DatacenterClient] Send Succeed
2013-01-07 17:27:12,700 INFO  [AuditLog] AuditLogID:b4ed31b9-291c-455b-8bc8-db517d4de210 | MessageID:ccec825d-a062-4675-a052-f8af5e7c098e | CorrelationID:null | MessageType:ObjectMessage | SourceNode:ZHENGWUBAN | DestinationNode:ZHENGWUBAN | CurrentNode:Provider | BizID:null | BizTime:2013-01-07 17:27:12.654 | SubjectName:濮灞褰浣跨ㄧ | SubjectCode:Version | AppID:ZHENGWUBAN-APP | Version:1 | Priority:1 | CreationTime:2013-01-07 17:27:12.634 | IsRedelivered:false | DeliveredTime: | LogTime:2013-01-07 17:27:12.654 | LogPhase:Send | LogStatus:0 | ErrorCode:null| ErrorMessage:null 
2013-01-07 17:27:12,704 INFO  [DatacenterClient] Close
2013-01-07 17:27:12,729 INFO  [DatacenterClient] DatacenterClient
2013-01-07 17:27:12,738 INFO  [DatacenterClient] Open Succeed
2013-01-07 17:27:12,764 INFO  [DatacenterClient] Send
2013-01-07 17:27:12,810 INFO  [DatacenterClient] Send Succeed
2013-01-07 17:27:12,810 INFO  [AuditLog] AuditLogID:332f89f8-97d5-4a74-a11e-b8727aec3bd5 | MessageID:ba003add-4711-4a8a-ad2e-fa8d3ec1807c | CorrelationID:null | MessageType:ObjectMessage | SourceNode:ZHENGWUBAN | DestinationNode:ZHENGWUBAN | CurrentNode:Provider | BizID:gz0211001 | BizTime:2013-01-07 17:27:12.764 | SubjectName: | SubjectCode:Accept | AppID:ZHENGWUBAN-APP | Version:1 | Priority:1 | CreationTime:2013-01-07 17:27:12.738 | IsRedelivered:false | DeliveredTime: | LogTime:2013-01-07 17:27:12.764 | LogPhase:Send | LogStatus:0 | ErrorCode:null| ErrorMessage:null 
2013-01-07 17:27:12,813 INFO  [DatacenterClient] Close
